2022-12-15 09:56:35.771 [INFO] [restartedMain] [55] Starting MemberDemoApplication using Java 11.0.16.1 on UTC-joe-lin with PID 4820 (C:\STS4_WorkSpace\Member-demo\target\classes started by user in C:\STS4_WorkSpace\Member-demo)
2022-12-15 09:56:35.779 [DEBUG] [restartedMain] [56] Running with Spring Boot v2.7.3, Spring v5.3.22
2022-12-15 09:56:35.785 [INFO] [restartedMain] [634] No active profile set, falling back to 1 default profile: "default"
2022-12-15 09:56:35.827 [INFO] [restartedMain] [255] Devtools property defaults active! Set 'spring.devtools.add-properties' to 'false' to disable
2022-12-15 09:56:35.828 [INFO] [restartedMain] [255] For additional web related logging consider setting the 'logging.level.web' property to 'DEBUG'
2022-12-15 09:56:36.365 [INFO] [restartedMain] [132] Bootstrapping Spring Data JPA repositories in DEFAULT mode.
2022-12-15 09:56:36.420 [INFO] [restartedMain] [201] Finished Spring Data repository scanning in 47 ms. Found 1 JPA repository interfaces.
2022-12-15 09:56:36.935 [INFO] [restartedMain] [108] Tomcat initialized with port(s): 8082 (http)
2022-12-15 09:56:36.948 [INFO] [restartedMain] [173] Starting service [Tomcat]
2022-12-15 09:56:36.949 [INFO] [restartedMain] [173] Starting Servlet engine: [Apache Tomcat/9.0.65]
2022-12-15 09:56:37.196 [INFO] [restartedMain] [173] At least one JAR was scanned for TLDs yet contained no TLDs. Enable debug logging for this logger for a complete list of JARs that were scanned but no TLDs were found in them. Skipping unneeded JARs during scanning can improve startup time and JSP compilation time.
2022-12-15 09:56:37.205 [INFO] [restartedMain] [173] Initializing Spring embedded WebApplicationContext
2022-12-15 09:56:37.205 [INFO] [restartedMain] [292] Root WebApplicationContext: initialization completed in 1377 ms
2022-12-15 09:56:37.347 [INFO] [restartedMain] [110] HikariPool-1 - Starting...
2022-12-15 09:56:37.576 [INFO] [restartedMain] [123] HikariPool-1 - Start completed.
2022-12-15 09:56:37.623 [INFO] [restartedMain] [31] HHH000204: Processing PersistenceUnitInfo [name: default]
2022-12-15 09:56:37.691 [INFO] [restartedMain] [44] HHH000412: Hibernate ORM core version 5.6.10.Final
2022-12-15 09:56:37.863 [INFO] [restartedMain] [56] HCANN000001: Hibernate Commons Annotations {5.1.2.Final}
2022-12-15 09:56:37.971 [INFO] [restartedMain] [175] HHH000400: Using dialect: org.hibernate.dialect.MySQL8Dialect
2022-12-15 09:56:38.485 [INFO] [restartedMain] [52] HHH000490: Using JtaPlatform implementation: [org.hibernate.engine.transaction.jta.platform.internal.NoJtaPlatform]
2022-12-15 09:56:38.494 [INFO] [restartedMain] [437] Initialized JPA EntityManagerFactory for persistence unit 'default'
2022-12-15 09:56:38.803 [WARN] [restartedMain] [219] spring.jpa.open-in-view is enabled by default. Therefore, database queries may be performed during view rendering. Explicitly configure spring.jpa.open-in-view to disable this warning
2022-12-15 09:56:38.940 [INFO] [restartedMain] [53] Adding welcome page: class path resource [static/index.html]
2022-12-15 09:56:39.098 [INFO] [restartedMain] [59] LiveReload server is running on port 35729
2022-12-15 09:56:39.175 [INFO] [restartedMain] [220] Tomcat started on port(s): 8082 (http) with context path '/demo'
2022-12-15 09:56:39.185 [INFO] [restartedMain] [61] Started MemberDemoApplication in 3.737 seconds (JVM running for 4.578)
2022-12-15 09:56:47.125 [INFO] [http-nio-8082-exec-1] [173] Initializing Spring DispatcherServlet 'dispatcherServlet'
2022-12-15 09:56:47.127 [INFO] [http-nio-8082-exec-1] [525] Initializing Servlet 'dispatcherServlet'
2022-12-15 09:56:47.127 [INFO] [http-nio-8082-exec-1] [547] Completed initialization in 0 ms
2022-12-15 09:56:54.376 [WARN] [http-nio-8082-exec-2] [173] Creation of SecureRandom instance for session ID generation using [SHA1PRNG] took [168] milliseconds.
2022-12-15 10:00:27.484 [INFO] [File Watcher] [213] Restarting due to 1 class path change (0 additions, 0 deletions, 1 modification)
2022-12-15 10:00:27.596 [INFO] [Thread-5] [173] Stopping service [Tomcat]
2022-12-15 10:00:27.599 [INFO] [Thread-5] [173] Destroying Spring FrameworkServlet 'dispatcherServlet'
2022-12-15 10:00:27.610 [INFO] [Thread-5] [651] Closing JPA EntityManagerFactory for persistence unit 'default'
2022-12-15 10:00:27.613 [INFO] [Thread-5] [350] HikariPool-1 - Shutdown initiated...
2022-12-15 10:00:27.619 [INFO] [Thread-5] [352] HikariPool-1 - Shutdown completed.
2022-12-15 10:00:27.698 [INFO] [restartedMain] [55] Starting MemberDemoApplication using Java 11.0.16.1 on UTC-joe-lin with PID 4820 (C:\STS4_WorkSpace\Member-demo\target\classes started by user in C:\STS4_WorkSpace\Member-demo)
2022-12-15 10:00:27.699 [DEBUG] [restartedMain] [56] Running with Spring Boot v2.7.3, Spring v5.3.22
2022-12-15 10:00:27.699 [INFO] [restartedMain] [634] No active profile set, falling back to 1 default profile: "default"
2022-12-15 10:00:27.850 [INFO] [restartedMain] [132] Bootstrapping Spring Data JPA repositories in DEFAULT mode.
2022-12-15 10:00:27.869 [INFO] [restartedMain] [201] Finished Spring Data repository scanning in 18 ms. Found 1 JPA repository interfaces.
2022-12-15 10:00:27.932 [INFO] [restartedMain] [108] Tomcat initialized with port(s): 8082 (http)
2022-12-15 10:00:27.933 [INFO] [restartedMain] [173] Starting service [Tomcat]
2022-12-15 10:00:27.933 [INFO] [restartedMain] [173] Starting Servlet engine: [Apache Tomcat/9.0.65]
2022-12-15 10:00:28.003 [INFO] [restartedMain] [173] At least one JAR was scanned for TLDs yet contained no TLDs. Enable debug logging for this logger for a complete list of JARs that were scanned but no TLDs were found in them. Skipping unneeded JARs during scanning can improve startup time and JSP compilation time.
2022-12-15 10:00:28.005 [INFO] [restartedMain] [173] Initializing Spring embedded WebApplicationContext
2022-12-15 10:00:28.005 [INFO] [restartedMain] [292] Root WebApplicationContext: initialization completed in 304 ms
2022-12-15 10:00:28.035 [INFO] [restartedMain] [110] HikariPool-2 - Starting...
2022-12-15 10:00:28.048 [INFO] [restartedMain] [123] HikariPool-2 - Start completed.
2022-12-15 10:00:28.052 [INFO] [restartedMain] [31] HHH000204: Processing PersistenceUnitInfo [name: default]
2022-12-15 10:00:28.056 [INFO] [restartedMain] [175] HHH000400: Using dialect: org.hibernate.dialect.MySQL8Dialect
2022-12-15 10:00:28.081 [INFO] [restartedMain] [52] HHH000490: Using JtaPlatform implementation: [org.hibernate.engine.transaction.jta.platform.internal.NoJtaPlatform]
2022-12-15 10:00:28.081 [INFO] [restartedMain] [437] Initialized JPA EntityManagerFactory for persistence unit 'default'
2022-12-15 10:00:28.142 [WARN] [restartedMain] [219] spring.jpa.open-in-view is enabled by default. Therefore, database queries may be performed during view rendering. Explicitly configure spring.jpa.open-in-view to disable this warning
2022-12-15 10:00:28.171 [INFO] [restartedMain] [53] Adding welcome page: class path resource [static/index.html]
2022-12-15 10:00:28.209 [INFO] [restartedMain] [59] LiveReload server is running on port 35729
2022-12-15 10:00:28.221 [INFO] [restartedMain] [220] Tomcat started on port(s): 8082 (http) with context path '/demo'
2022-12-15 10:00:28.224 [INFO] [restartedMain] [61] Started MemberDemoApplication in 0.557 seconds (JVM running for 233.618)
2022-12-15 10:00:28.226 [INFO] [restartedMain] [63] Condition evaluation unchanged
2022-12-15 10:00:34.786 [INFO] [File Watcher] [213] Restarting due to 1 class path change (0 additions, 0 deletions, 1 modification)
2022-12-15 10:00:34.894 [INFO] [Thread-7] [173] Stopping service [Tomcat]
2022-12-15 10:00:34.904 [INFO] [Thread-7] [651] Closing JPA EntityManagerFactory for persistence unit 'default'
2022-12-15 10:00:34.904 [INFO] [Thread-7] [350] HikariPool-2 - Shutdown initiated...
2022-12-15 10:00:34.908 [INFO] [Thread-7] [352] HikariPool-2 - Shutdown completed.
2022-12-15 10:00:34.975 [INFO] [restartedMain] [55] Starting MemberDemoApplication using Java 11.0.16.1 on UTC-joe-lin with PID 4820 (C:\STS4_WorkSpace\Member-demo\target\classes started by user in C:\STS4_WorkSpace\Member-demo)
2022-12-15 10:00:34.976 [DEBUG] [restartedMain] [56] Running with Spring Boot v2.7.3, Spring v5.3.22
2022-12-15 10:00:34.976 [INFO] [restartedMain] [634] No active profile set, falling back to 1 default profile: "default"
2022-12-15 10:00:35.114 [INFO] [restartedMain] [132] Bootstrapping Spring Data JPA repositories in DEFAULT mode.
2022-12-15 10:00:35.132 [INFO] [restartedMain] [201] Finished Spring Data repository scanning in 18 ms. Found 1 JPA repository interfaces.
2022-12-15 10:00:35.214 [INFO] [restartedMain] [108] Tomcat initialized with port(s): 8082 (http)
2022-12-15 10:00:35.216 [INFO] [restartedMain] [173] Starting service [Tomcat]
2022-12-15 10:00:35.216 [INFO] [restartedMain] [173] Starting Servlet engine: [Apache Tomcat/9.0.65]
2022-12-15 10:00:35.268 [INFO] [restartedMain] [173] At least one JAR was scanned for TLDs yet contained no TLDs. Enable debug logging for this logger for a complete list of JARs that were scanned but no TLDs were found in them. Skipping unneeded JARs during scanning can improve startup time and JSP compilation time.
2022-12-15 10:00:35.270 [INFO] [restartedMain] [173] Initializing Spring embedded WebApplicationContext
2022-12-15 10:00:35.270 [INFO] [restartedMain] [292] Root WebApplicationContext: initialization completed in 292 ms
2022-12-15 10:00:35.294 [INFO] [restartedMain] [110] HikariPool-3 - Starting...
2022-12-15 10:00:35.305 [INFO] [restartedMain] [123] HikariPool-3 - Start completed.
2022-12-15 10:00:35.309 [INFO] [restartedMain] [31] HHH000204: Processing PersistenceUnitInfo [name: default]
2022-12-15 10:00:35.313 [INFO] [restartedMain] [175] HHH000400: Using dialect: org.hibernate.dialect.MySQL8Dialect
2022-12-15 10:00:35.333 [INFO] [restartedMain] [52] HHH000490: Using JtaPlatform implementation: [org.hibernate.engine.transaction.jta.platform.internal.NoJtaPlatform]
2022-12-15 10:00:35.334 [INFO] [restartedMain] [437] Initialized JPA EntityManagerFactory for persistence unit 'default'
2022-12-15 10:00:35.385 [WARN] [restartedMain] [219] spring.jpa.open-in-view is enabled by default. Therefore, database queries may be performed during view rendering. Explicitly configure spring.jpa.open-in-view to disable this warning
2022-12-15 10:00:35.408 [INFO] [restartedMain] [53] Adding welcome page: class path resource [static/index.html]
2022-12-15 10:00:35.439 [INFO] [restartedMain] [59] LiveReload server is running on port 35729
2022-12-15 10:00:35.452 [INFO] [restartedMain] [220] Tomcat started on port(s): 8082 (http) with context path '/demo'
2022-12-15 10:00:35.456 [INFO] [restartedMain] [61] Started MemberDemoApplication in 0.508 seconds (JVM running for 240.849)
2022-12-15 10:00:35.457 [INFO] [restartedMain] [63] Condition evaluation unchanged
2022-12-15 10:00:37.230 [INFO] [http-nio-8082-exec-1] [173] Initializing Spring DispatcherServlet 'dispatcherServlet'
2022-12-15 10:00:37.231 [INFO] [http-nio-8082-exec-1] [525] Initializing Servlet 'dispatcherServlet'
2022-12-15 10:00:37.232 [INFO] [http-nio-8082-exec-1] [547] Completed initialization in 1 ms
2022-12-15 10:43:04.583 [INFO] [File Watcher] [213] Restarting due to 1 class path change (0 additions, 0 deletions, 1 modification)
2022-12-15 10:43:04.745 [INFO] [Thread-11] [173] Stopping service [Tomcat]
2022-12-15 10:43:04.749 [INFO] [Thread-11] [173] Destroying Spring FrameworkServlet 'dispatcherServlet'
2022-12-15 10:43:04.758 [INFO] [Thread-11] [651] Closing JPA EntityManagerFactory for persistence unit 'default'
2022-12-15 10:43:04.759 [INFO] [Thread-11] [350] HikariPool-3 - Shutdown initiated...
2022-12-15 10:43:04.764 [INFO] [Thread-11] [352] HikariPool-3 - Shutdown completed.
2022-12-15 10:43:04.835 [INFO] [restartedMain] [55] Starting MemberDemoApplication using Java 11.0.16.1 on UTC-joe-lin with PID 4820 (C:\STS4_WorkSpace\Member-demo\target\classes started by user in C:\STS4_WorkSpace\Member-demo)
2022-12-15 10:43:04.835 [DEBUG] [restartedMain] [56] Running with Spring Boot v2.7.3, Spring v5.3.22
2022-12-15 10:43:04.836 [INFO] [restartedMain] [634] No active profile set, falling back to 1 default profile: "default"
2022-12-15 10:43:05.019 [INFO] [restartedMain] [132] Bootstrapping Spring Data JPA repositories in DEFAULT mode.
2022-12-15 10:43:05.041 [INFO] [restartedMain] [201] Finished Spring Data repository scanning in 22 ms. Found 1 JPA repository interfaces.
2022-12-15 10:43:05.104 [INFO] [restartedMain] [108] Tomcat initialized with port(s): 8082 (http)
2022-12-15 10:43:05.105 [INFO] [restartedMain] [173] Starting service [Tomcat]
2022-12-15 10:43:05.105 [INFO] [restartedMain] [173] Starting Servlet engine: [Apache Tomcat/9.0.65]
2022-12-15 10:43:05.175 [INFO] [restartedMain] [173] At least one JAR was scanned for TLDs yet contained no TLDs. Enable debug logging for this logger for a complete list of JARs that were scanned but no TLDs were found in them. Skipping unneeded JARs during scanning can improve startup time and JSP compilation time.
2022-12-15 10:43:05.178 [INFO] [restartedMain] [173] Initializing Spring embedded WebApplicationContext
2022-12-15 10:43:05.178 [INFO] [restartedMain] [292] Root WebApplicationContext: initialization completed in 340 ms
2022-12-15 10:43:05.200 [INFO] [restartedMain] [110] HikariPool-4 - Starting...
2022-12-15 10:43:05.239 [INFO] [restartedMain] [123] HikariPool-4 - Start completed.
2022-12-15 10:43:05.246 [INFO] [restartedMain] [31] HHH000204: Processing PersistenceUnitInfo [name: default]
2022-12-15 10:43:05.252 [INFO] [restartedMain] [175] HHH000400: Using dialect: org.hibernate.dialect.MySQL8Dialect
2022-12-15 10:43:05.283 [INFO] [restartedMain] [52] HHH000490: Using JtaPlatform implementation: [org.hibernate.engine.transaction.jta.platform.internal.NoJtaPlatform]
2022-12-15 10:43:05.284 [INFO] [restartedMain] [437] Initialized JPA EntityManagerFactory for persistence unit 'default'
2022-12-15 10:43:05.355 [WARN] [restartedMain] [219] spring.jpa.open-in-view is enabled by default. Therefore, database queries may be performed during view rendering. Explicitly configure spring.jpa.open-in-view to disable this warning
2022-12-15 10:43:05.392 [INFO] [restartedMain] [53] Adding welcome page: class path resource [static/index.html]
2022-12-15 10:43:05.422 [INFO] [restartedMain] [59] LiveReload server is running on port 35729
2022-12-15 10:43:05.437 [INFO] [restartedMain] [220] Tomcat started on port(s): 8082 (http) with context path '/demo'
2022-12-15 10:43:05.440 [INFO] [restartedMain] [61] Started MemberDemoApplication in 0.633 seconds (JVM running for 2790.834)
2022-12-15 10:43:05.442 [INFO] [restartedMain] [63] Condition evaluation unchanged
2022-12-15 11:04:14.348 [INFO] [File Watcher] [213] Restarting due to 1 class path change (1 addition, 0 deletions, 0 modifications)
2022-12-15 11:04:14.468 [INFO] [Thread-15] [173] Stopping service [Tomcat]
2022-12-15 11:04:14.476 [INFO] [Thread-15] [651] Closing JPA EntityManagerFactory for persistence unit 'default'
2022-12-15 11:04:14.477 [INFO] [Thread-15] [350] HikariPool-4 - Shutdown initiated...
2022-12-15 11:04:14.481 [INFO] [Thread-15] [352] HikariPool-4 - Shutdown completed.
2022-12-15 11:04:14.545 [INFO] [restartedMain] [55] Starting MemberDemoApplication using Java 11.0.16.1 on UTC-joe-lin with PID 4820 (C:\STS4_WorkSpace\Member-demo\target\classes started by user in C:\STS4_WorkSpace\Member-demo)
2022-12-15 11:04:14.545 [DEBUG] [restartedMain] [56] Running with Spring Boot v2.7.3, Spring v5.3.22
2022-12-15 11:04:14.545 [INFO] [restartedMain] [634] No active profile set, falling back to 1 default profile: "default"
2022-12-15 11:04:14.655 [INFO] [restartedMain] [132] Bootstrapping Spring Data JPA repositories in DEFAULT mode.
2022-12-15 11:04:14.669 [INFO] [restartedMain] [201] Finished Spring Data repository scanning in 13 ms. Found 1 JPA repository interfaces.
2022-12-15 11:04:14.715 [INFO] [restartedMain] [108] Tomcat initialized with port(s): 8082 (http)
2022-12-15 11:04:14.715 [INFO] [restartedMain] [173] Starting service [Tomcat]
2022-12-15 11:04:14.716 [INFO] [restartedMain] [173] Starting Servlet engine: [Apache Tomcat/9.0.65]
2022-12-15 11:04:14.776 [INFO] [restartedMain] [173] At least one JAR was scanned for TLDs yet contained no TLDs. Enable debug logging for this logger for a complete list of JARs that were scanned but no TLDs were found in them. Skipping unneeded JARs during scanning can improve startup time and JSP compilation time.
2022-12-15 11:04:14.778 [INFO] [restartedMain] [173] Initializing Spring embedded WebApplicationContext
2022-12-15 11:04:14.778 [INFO] [restartedMain] [292] Root WebApplicationContext: initialization completed in 230 ms
2022-12-15 11:04:14.798 [INFO] [restartedMain] [110] HikariPool-5 - Starting...
2022-12-15 11:04:14.810 [INFO] [restartedMain] [123] HikariPool-5 - Start completed.
2022-12-15 11:04:14.814 [INFO] [restartedMain] [31] HHH000204: Processing PersistenceUnitInfo [name: default]
2022-12-15 11:04:14.818 [INFO] [restartedMain] [175] HHH000400: Using dialect: org.hibernate.dialect.MySQL8Dialect
2022-12-15 11:04:14.838 [INFO] [restartedMain] [52] HHH000490: Using JtaPlatform implementation: [org.hibernate.engine.transaction.jta.platform.internal.NoJtaPlatform]
2022-12-15 11:04:14.838 [INFO] [restartedMain] [437] Initialized JPA EntityManagerFactory for persistence unit 'default'
2022-12-15 11:04:14.890 [WARN] [restartedMain] [219] spring.jpa.open-in-view is enabled by default. Therefore, database queries may be performed during view rendering. Explicitly configure spring.jpa.open-in-view to disable this warning
2022-12-15 11:04:14.912 [INFO] [restartedMain] [53] Adding welcome page: class path resource [static/index.html]
2022-12-15 11:04:14.946 [INFO] [restartedMain] [59] LiveReload server is running on port 35729
2022-12-15 11:04:14.959 [INFO] [restartedMain] [220] Tomcat started on port(s): 8082 (http) with context path '/demo'
2022-12-15 11:04:14.962 [INFO] [restartedMain] [61] Started MemberDemoApplication in 0.443 seconds (JVM running for 4060.355)
2022-12-15 11:04:14.963 [INFO] [restartedMain] [63] Condition evaluation unchanged
2022-12-15 11:04:17.490 [INFO] [RMI TCP Connection(2)-127.0.0.1] [159] Application shutdown requested.
2022-12-15 11:04:17.617 [INFO] [RMI TCP Connection(2)-127.0.0.1] [173] Stopping service [Tomcat]
2022-12-15 11:04:17.629 [INFO] [RMI TCP Connection(2)-127.0.0.1] [651] Closing JPA EntityManagerFactory for persistence unit 'default'
2022-12-15 11:04:17.629 [INFO] [RMI TCP Connection(2)-127.0.0.1] [350] HikariPool-5 - Shutdown initiated...
2022-12-15 11:04:17.633 [INFO] [RMI TCP Connection(2)-127.0.0.1] [352] HikariPool-5 - Shutdown completed.
